<?xml version="1.0" encoding="UTF-8"?>
<testsuite name="aerolineaTest.AerolineaServiceTest" tests="2" skipped="0" failures="0" errors="0" timestamp="2024-10-03T18:43:14" hostname="HUGOALEJANDRO" time="1.025">
  <properties/>
  <testcase name="testReservaVuelo_NoExistenPasajes()" classname="aerolineaTest.AerolineaServiceTest" time="1.01"/>
  <testcase name="testReservaVuelo_ExistenPasajes()" classname="aerolineaTest.AerolineaServiceTest" time="0.004"/>
  <system-out><![CDATA[Mockito is currently self-attaching to enable the inline-mock-maker. This will no longer work in future releases of the JDK. Please add Mockito as an agent to your build what is described in Mockito's documentation: https://javadoc.io/doc/org.mockito/mockito-core/latest/org/mockito/Mockito.html#0.3
Mockito is currently self-attaching to enable the inline-mock-maker. This will no longer work in future releases of the JDK. Please add Mockito as an agent to your build what is described in Mockito's documentation: https://javadoc.io/doc/org.mockito/mockito-core/latest/org/mockito/Mockito.html#0.3
]]></system-out>
  <system-err><![CDATA[WARNING: A Java agent has been loaded dynamically (C:\Users\lolex\.gradle\caches\modules-2\files-2.1\net.bytebuddy\byte-buddy-agent\1.15.3\e619d89ed41a6cedc23bee3549cec8c4ffdaee7b\byte-buddy-agent-1.15.3.jar)
WARNING: If a serviceability tool is in use, please run with -XX:+EnableDynamicAgentLoading to hide this warning
WARNING: If a serviceability tool is not in use, please run with -Djdk.instrument.traceUsage for more information
WARNING: Dynamic loading of agents will be disallowed by default in a future release
]]></system-err>
</testsuite>
